*** Using Compiler 'V6.16', folder: 'C:\Keil_v5\ARM\ARMCLANG\Bin'
Rebuild target 'Template'
compiling at32f435_437_acc.c...
../Boot/system_at32f435_437.c(155): warning: default label in switch which covers all enumeration values [-Wcovered-switch-default]
        default:
        ^
1 warning generated.
compiling system_at32f435_437.c...
assembling startup_at32f435_437.s...
compiling at32f435_437_crc.c...
../Library/at32f435_437_dac.c(71): warning: default label in switch which covers all enumeration values [-Wcovered-switch-default]
        default:
        ^
../Library/at32f435_437_dac.c(97): warning: default label in switch which covers all enumeration values [-Wcovered-switch-default]
        default:
        ^
../Library/at32f435_437_dac.c(121): warning: default label in switch which covers all enumeration values [-Wcovered-switch-default]
        default:
        ^
../Library/at32f435_437_dac.c(154): warning: default label in switch which covers all enumeration values [-Wcovered-switch-default]
        default:
        ^
../Library/at32f435_437_dac.c(177): warning: default label in switch which covers all enumeration values [-Wcovered-switch-default]
        default:
        ^
../Library/at32f435_437_dac.c(214): warning: default label in switch which covers all enumeration values [-Wcovered-switch-default]
        default:
        ^
../Library/at32f435_437_dac.c(251): warning: default label in switch which covers all enumeration values [-Wcovered-switch-default]
        default:
        ^
../Library/at32f435_437_dac.c(275): warning: default label in switch which covers all enumeration values [-Wcovered-switch-default]
        default:
        ^
../Library/at32f435_437_dac.c(300): warning: default label in switch which covers all enumeration values [-Wcovered-switch-default]
        default:
        ^
../Library/at32f435_437_dac.c(360): warning: default label in switch which covers all enumeration values [-Wcovered-switch-default]
        default:
        ^
../Library/at32f435_437_dac.c(384): warning: default label in switch which covers all enumeration values [-Wcovered-switch-default]
        default:
        ^
../Library/at32f435_437_dac.c(413): warning: default label in switch which covers all enumeration values [-Wcovered-switch-default]
        default:
        ^
../Library/at32f435_437_dac.c(438): warning: default label in switch which covers all enumeration values [-Wcovered-switch-default]
        default:
        ^
13 warnings generated.
compiling at32f435_437_dac.c...
../Library/at32f435_437_crm.c(314): warning: default label in switch which covers all enumeration values [-Wcovered-switch-default]
        default:
        ^
../Library/at32f435_437_crm.c(716): warning: default label in switch which covers all enumeration values [-Wcovered-switch-default]
        default:
        ^
../Library/at32f435_437_crm.c(888): warning: implicit conversion changes signedness: 'int' to 'uint32_t' (aka 'unsigned int') [-Wsign-conversion]
        result = pll_rcs_freq / ms;
               ~ ~~~~~~~~~~~~~^~~~
../Library/at32f435_437_crm.c(892): warning: implicit conversion changes signedness: 'int32_t' (aka 'int') to 'uint32_t' (aka 'unsigned int') [-Wsign-conversion]
                ms_min = ms;
                       ~ ^~
../Library/at32f435_437_crm.c(894): warning: implicit conversion changes signedness: 'int32_t' (aka 'int') to 'uint32_t' (aka 'unsigned int') [-Wsign-conversion]
            ms_max = ms;
                   ~ ^~
../Library/at32f435_437_crm.c(899): warning: implicit conversion changes signedness: 'uint32_t' (aka 'unsigned int') to 'int32_t' (aka 'int') [-Wsign-conversion]
    for(ms = ms_min; ms <= ms_max; ms ++) {
           ~ ^~~~~~
../Library/at32f435_437_crm.c(902): warning: implicit conversion changes signedness: 'int' to 'uint32_t' (aka 'unsigned int') [-Wsign-conversion]
                result = (pll_rcs_freq * ns) / (ms);
                       ~ ~~~~~~~~~~~~~~~~~~~~^~~~~~
../Library/at32f435_437_crm.c(914): warning: implicit conversion loses integer precision: 'int32_t' (aka 'int') to 'uint16_t' (aka 'unsigned short') [-Wimplicit-int-conversion]
                    *ret_ms = ms;
                            ~ ^~
../Library/at32f435_437_crm.c(915): warning: implicit conversion loses integer precision: 'int32_t' (aka 'int') to 'uint16_t' (aka 'unsigned short') [-Wimplicit-int-conversion]
                    *ret_ns = ns;
                            ~ ^~
../Library/at32f435_437_crm.c(916): warning: implicit conversion loses integer precision: 'int32_t' (aka 'int') to 'uint16_t' (aka 'unsigned short') [-Wimplicit-int-conversion]
                    *ret_fr = fr;
                            ~ ^~
../Library/at32f435_437_crm.c(926): warning: implicit conversion loses integer precision: 'int32_t' (aka 'int') to 'uint16_t' (aka 'unsigned short') [-Wimplicit-int-conversion]
                    *ret_ms = ms;
                            ~ ^~
../Library/at32f435_437_crm.c(927): warning: implicit conversion loses integer precision: 'int32_t' (aka 'int') to 'uint16_t' (aka 'unsigned short') [-Wimplicit-int-conversion]
                    *ret_ns = ns;
                            ~ ^~
../Library/at32f435_437_crm.c(928): warning: implicit conversion loses integer precision: 'int32_t' (aka 'int') to 'uint16_t' (aka 'unsigned short') [-Wimplicit-int-conversion]
                    *ret_fr = fr;
                            ~ ^~
../Library/at32f435_437_crm.c(899): warning: comparison of integers of different signs: 'int32_t' (aka 'int') and 'uint32_t' (aka 'unsigned int') [-Wsign-compare]
    for(ms = ms_min; ms <= ms_max; ms ++) {
                     ~~ ^  ~~~~~~
14 warnings generated.
compiling at32f435_437_crm.c...
../Library/at32f435_437_adc.c(519): warning: default label in switch which covers all enumeration values [-Wcovered-switch-default]
        default:
        ^
../Library/at32f435_437_adc.c(714): warning: default label in switch which covers all enumeration values [-Wcovered-switch-default]
        default:
        ^
../Library/at32f435_437_adc.c(848): warning: default label in switch which covers all enumeration values [-Wcovered-switch-default]
        default:
        ^
../Library/at32f435_437_adc.c(1054): warning: default label in switch which covers all enumeration values [-Wcovered-switch-default]
        default:
        ^
4 warnings generated.
compiling at32f435_437_adc.c...
../Library/at32f435_437_can.c(25): warning: In file included from...../User\at32f435_437_conf.h(115): warning: In file included from...../Library\at32f435_437_can.h(332): warning: padding size of 'can_baudrate_type' with 1 byte to alignment boundary [-Wpadded]
typedef struct {
        ^
../Library\at32f435_437_can.h(357): warning: padding struct 'can_filter_init_type' with 1 byte to align 'filter_id_high' [-Wpadded]
    uint16_t filter_id_high;               /*!< config the filter identification, for 32-bit configuration
             ^
../Library/at32f435_437_can.c(314): warning: default label in switch which covers all enumeration values [-Wcovered-switch-default]
        default:
        ^
../Library/at32f435_437_can.c(328): warning: default label in switch which covers all enumeration values [-Wcovered-switch-default]
        default:
        ^
../Library/at32f435_437_can.c(342): warning: default label in switch which covers all enumeration values [-Wcovered-switch-default]
        default:
        ^
../Library/at32f435_437_can.c(356): warning: default label in switch which covers all enumeration values [-Wcovered-switch-default]
        default:
        ^
../Library/at32f435_437_can.c(444): warning: default label in switch which covers all enumeration values [-Wcovered-switch-default]
            default:
            ^
../Library/at32f435_437_can.c(25): warning: In file included from...../User\at32f435_437_conf.h(115): warning: In file included from...../Library\at32f435_437_can.h(373): warning: padding size of 'can_tx_message_type' with 1 byte to alignment boundary [-Wpadded]
typedef struct {
        ^
../Library/at32f435_437_can.c(528): warning: default label in switch which covers all enumeration values [-Wcovered-switch-default]
        default:
        ^
../Library/at32f435_437_can.c(562): warning: default label in switch which covers all enumeration values [-Wcovered-switch-default]
        default:
        ^
../Library/at32f435_437_can.c(592): warning: default label in switch which covers all enumeration values [-Wcovered-switch-default]
        default:
        ^
../Library/at32f435_437_can.c(638): warning: default label in switch which covers all enumeration values [-Wcovered-switch-default]
        default:
        ^
../Library/at32f435_437_can.c(666): warning: default label in switch which covers all enumeration values [-Wcovered-switch-default]
        default:
        ^
13 warnings generated.
compiling at32f435_437_can.c...
compiling at32f435_437_debug.c...
../Library/at32f435_437_dma.c(25): warning: In file included from...../User\at32f435_437_conf.h(127): warning: In file included from...../Library\at32f435_437_dma.h(364): warning: padding size of 'dma_init_type' with 2 bytes to alignment boundary [-Wpadded]
typedef struct {
        ^
../Library\at32f435_437_dma.h(382): warning: padding struct 'dmamux_sync_init_type' with 3 bytes to align 'sync_polarity' [-Wpadded]
    uint32_t                               sync_polarity;       /*!< dma dmamux synchronization polarity */
                                           ^
../Library\at32f435_437_dma.h(380): warning: padding size of 'dmamux_sync_init_type' with 2 bytes to alignment boundary [-Wpadded]
typedef struct {
        ^
../Library\at32f435_437_dma.h(394): warning: padding struct 'dmamux_gen_init_type' with 2 bytes to align 'gen_request_number' [-Wpadded]
    uint32_t                               gen_request_number; /*!< dma dmamux the number of dma requests to be generated after a trigger event  */
                                           ^
../Library\at32f435_437_dma.h(391): warning: padding size of 'dmamux_gen_init_type' with 3 bytes to alignment boundary [-Wpadded]
typedef struct {
        ^
5 warnings generated.
compiling at32f435_437_dma.c...
../Library/at32f435_437_edma.c(25): warning: In file included from...../User\at32f435_437_conf.h(160): warning: In file included from...../Library\at32f435_437_edma.h(426): warning: padding struct 'edma_init_type' with 1 byte to align 'buffer_size' [-Wpadded]
    uint16_t                               buffer_size;                /*!< counter to transfer (0~0xFFFF)*/
                                           ^
../Library\at32f435_437_edma.h(422): warning: padding size of 'edma_init_type' with 2 bytes to alignment boundary [-Wpadded]
typedef struct {
        ^
../Library\at32f435_437_edma.h(445): warning: padding struct 'edmamux_sync_init_type' with 2 bytes to align 'sync_request_number' [-Wpadded]
    uint32_t                               sync_request_number; /*!< edma dmamux number of dma requests before an output event is generated */
                                           ^
../Library\at32f435_437_edma.h(442): warning: padding size of 'edmamux_sync_init_type' with 2 bytes to alignment boundary [-Wpadded]
typedef struct {
        ^
../Library\at32f435_437_edma.h(456): warning: padding struct 'edmamux_gen_init_type' with 2 bytes to align 'gen_request_number' [-Wpadded]
    uint32_t                               gen_request_number; /*!< edma dmamux the number of dma requests to be generated after a trigger event */
                                           ^
../Library\at32f435_437_edma.h(453): warning: padding size of 'edmamux_gen_init_type' with 3 bytes to alignment boundary [-Wpadded]
typedef struct {
        ^
6 warnings generated.
compiling at32f435_437_edma.c...
../Library/at32f435_437_dvp.c(93): warning: implicit conversion changes signedness: 'int' to 'uint32_t' (aka 'unsigned int') [-Wsign-conversion]
    DVP->cwst = ((crop_x * bytes) | (crop_y << 16));
              ~  ~~~~~~~~~~~~~~~~~^~~~~~~~~~~~~~~~
../Library/at32f435_437_dvp.c(94): warning: implicit conversion changes signedness: 'int' to 'uint32_t' (aka 'unsigned int') [-Wsign-conversion]
    DVP->cwsz = ((crop_w * bytes - 1) | ((crop_h - 1) << 16));
              ~  ~~~~~~~~~~~~~~~~~~~~~^~~~~~~~~~~~~~~~~~~~~~
../Library/at32f435_437_dvp.c(127): warning: implicit conversion changes signedness: 'int' to 'uint32_t' (aka 'unsigned int') [-Wsign-conversion]
    DVP->scr = (fmsc | (lnsc << 8) | (lnec << 16) | (fmec << 24));
             ~  ~~~~~~~~~~~~~~~~~~~~~~~~~~~~~~~~~~^~~~~~~~~~~~~~
../Library/at32f435_437_dvp.c(139): warning: implicit conversion changes signedness: 'int' to 'uint32_t' (aka 'unsigned int') [-Wsign-conversion]
    DVP->sur = (fmsu | (lnsu << 8) | (lneu << 16) | (fmeu << 24));
             ~  ~~~~~~~~~~~~~~~~~~~~~~~~~~~~~~~~~~^~~~~~~~~~~~~~
../Library/at32f435_437_dvp.c(376): warning: implicit conversion changes signedness: 'int' to 'uint32_t' (aka 'unsigned int') [-Wsign-conversion]
        DVP->hscf = (src_w | (des_w << 16));
                  ~  ~~~~~~^~~~~~~~~~~~~~~
../Library/at32f435_437_dvp.c(377): warning: implicit conversion changes signedness: 'int' to 'uint32_t' (aka 'unsigned int') [-Wsign-conversion]
        DVP->vscf = (src_h | (des_h << 16));
                  ~  ~~~~~~^~~~~~~~~~~~~~~
../Library/at32f435_437_dvp.c(390): warning: implicit conversion changes signedness: 'int' to 'uint32_t' (aka 'unsigned int') [-Wsign-conversion]
        DVP->frf = (efrcsf | (efrctf << 8));
                 ~  ~~~~~~~^~~~~~~~~~~~~~~
7 warnings generated.
compiling at32f435_437_dvp.c...
../Library/at32f435_437_exint.c(25): warning: In file included from...../User\at32f435_437_conf.h(145): warning: In file included from...../Library\at32f435_437_exint.h(104): warning: padding struct 'exint_init_type' with 3 bytes to align 'line_select' [-Wpadded]
    uint32_t                               line_select;   /*!< select the exint line, availiable for single line or multiple lines */
                                           ^
../Library\at32f435_437_exint.h(102): warning: padding size of 'exint_init_type' with 2 bytes to alignment boundary [-Wpadded]
typedef struct {
        ^
2 warnings generated.
compiling at32f435_437_exint.c...
../Library/at32f435_437_ertc.c(95): warning: implicit conversion changes signedness: 'int' to 'unsigned int' [-Wsign-conversion]
    ERTC->sts = ~(ERTC_UPDF_FLAG | 0x00000080) | (ERTC->sts_bit.imen << 7);
                                               ~  ~~~~~~~~~~~~~~~~~~~^~~~
../Library/at32f435_437_ertc.c(25): warning: In file included from...../User\at32f435_437_conf.h(100): warning: In file included from...../Library\at32f435_437_ertc.h(376): warning: padding struct 'ertc_alarm_value_type' with 3 bytes to align 'mask' [-Wpadded]
    uint32_t mask;                         /*!< alarm mask*/
             ^
../Library\at32f435_437_ertc.h(370): warning: padding size of 'ertc_alarm_value_type' with 2 bytes to alignment boundary [-Wpadded]
typedef struct {
        ^
../Library/at32f435_437_ertc.c(749): warning: default label in switch which covers all enumeration values [-Wcovered-switch-default]
        default:
        ^
../Library/at32f435_437_ertc.c(1365): warning: implicit conversion changes signedness: 'int' to 'unsigned int' [-Wsign-conversion]
    ERTC->sts = ~(flag | 0x00000080) | (ERTC->sts_bit.imen << 7);
                                     ~  ~~~~~~~~~~~~~~~~~~~^~~~
5 warnings generated.
compiling at32f435_437_ertc.c...
compiling at32f435_437_flash.c...
../Library/at32f435_437_emac.c(46): warning: no previous extern declaration for non-static variable 'dma_tx_desc_to_set' [-Wmissing-variable-declarations]
emac_dma_desc_type  *dma_tx_desc_to_set;
                     ^
../Library/at32f435_437_emac.c(46): note: declare 'static' if the variable is not intended to be used outside of this translation unit
emac_dma_desc_type  *dma_tx_desc_to_set;
^
../Library/at32f435_437_emac.c(47): warning: no previous extern declaration for non-static variable 'dma_rx_desc_to_get' [-Wmissing-variable-declarations]
emac_dma_desc_type  *dma_rx_desc_to_get;
                     ^
../Library/at32f435_437_emac.c(47): note: declare 'static' if the variable is not intended to be used outside of this translation unit
emac_dma_desc_type  *dma_rx_desc_to_get;
^
2 warnings generated.
compiling at32f435_437_emac.c...
../Library/at32f435_437_misc.c(50): warning: function 'nvic_system_reset' could be declared with attribute 'noreturn' [-Wmissing-noreturn]
void nvic_system_reset(void) {
                             ^
1 warning generated.
compiling at32f435_437_misc.c...
../Library/at32f435_437_i2c.c(163): warning: default label in switch which covers all enumeration values [-Wcovered-switch-default]
        default:
        ^
../Library/at32f435_437_i2c.c(279): warning: implicit conversion loses integer precision: 'int' to 'uint8_t' (aka 'unsigned char') [-Wimplicit-int-conversion]
    return (i2c_x->sts_bit.addr << 1);
    ~~~~~~  ~~~~~~~~~~~~~~~~~~~~^~~~
../Library/at32f435_437_i2c.c(563): warning: implicit conversion changes signedness: 'int' to 'unsigned int' [-Wsign-conversion]
    temp &= ~0x03FF67FF;
         ~~ ^~~~~~~~~~~
3 warnings generated.
compiling at32f435_437_i2c.c...
compiling at32f435_437_gpio.c...
../Library/at32f435_437_pwc.c(206): warning: function 'pwc_standby_mode_enter' could be declared with attribute 'noreturn' [-Wmissing-noreturn]
void pwc_standby_mode_enter(void) {
                                  ^
1 warning generated.
compiling at32f435_437_pwc.c...
../Library/at32f435_437_qspi.c(164): warning: unused parameter 'flag' [-Wunused-parameter]
void qspi_flag_clear(qspi_type* qspi_x, uint32_t flag) {
                                                 ^
../Library/at32f435_437_qspi.c(25): warning: In file included from...../User\at32f435_437_conf.h(163): warning: In file included from...../Library\at32f435_437_qspi.h(182): warning: padding struct 'qspi_cmd_type' with 3 bytes to align 'data_counter' [-Wpadded]
    uint32_t                               data_counter;            /*!< read/write data counter */
                                           ^
../Library\at32f435_437_qspi.h(175): warning: padding size of 'qspi_cmd_type' with 3 bytes to alignment boundary [-Wpadded]
typedef struct {
        ^
3 warnings generated.
compiling at32f435_437_qspi.c...
../Library/at32f435_437_sdio.c(25): warning: In file included from...../User\at32f435_437_conf.h(148): warning: In file included from...../Library\at32f435_437_sdio.h(216): warning: padding size of 'sdio_command_struct_type' with 1 byte to alignment boundary [-Wpadded]
typedef struct {
        ^
../Library/at32f435_437_sdio.c(380): warning: default label in switch which covers all enumeration values [-Wcovered-switch-default]
        default:
        ^
../Library/at32f435_437_sdio.c(25): warning: In file included from...../User\at32f435_437_conf.h(148): warning: In file included from...../Library\at32f435_437_sdio.h(226): warning: padding size of 'sdio_data_struct_type' with 1 byte to alignment boundary [-Wpadded]
typedef struct {
        ^
3 warnings generated.
compiling at32f435_437_sdio.c...
compiling at32f435_437_scfg.c...
../Library/at32f435_437_spi.c(124): warning: bit-field 'mdiv_l' is not wide enough to store all enumerators of '' [-Wbitfield-enum-conversion]
        spi_x->ctrl1_bit.mdiv_l = spi_init_struct->mclk_freq_division;
                                ^
../Library\at32f435_437_spi.h(277): note: widen this field to 4 bits to store all values of ''
            __IO uint32_t mdiv_l               : 3; /* [5:3] */
                                                 ^
../Library\at32f435_437_spi.h(257): warning: padding struct 'i2s_init_type' with 2 bytes to align 'audio_sampling_freq' [-Wpadded]
    i2s_audio_sampling_freq_type           audio_sampling_freq;   /*!< audio frequency selection */
                                           ^
../Library\at32f435_437_spi.h(254): warning: padding size of 'i2s_init_type' with 1 byte to alignment boundary [-Wpadded]
typedef struct {
        ^
../Library/at32f435_437_spi.c(543): warning: implicit conversion changes signedness: 'int' to 'uint32_t' (aka 'unsigned int') [-Wsign-conversion]
        spi_x->sts = ~SPI_CCERR_FLAG;
                   ~ ^~~~~~~~~~~~~~~
4 warnings generated.
compiling at32f435_437_spi.c...
compiling at32f435_437_wdt.c...
compiling at32f435_437_usart.c...
compiling at32f435_437_tmr.c...
../Library/at32f435_437_usb.c(25): warning: In file included from...../User\at32f435_437_conf.h(175): warning: In file included from...../Library\at32f435_437_usb.h(670): warning: padding size of 'struct otg_global_type::(anonymous at ../Library\at32f435_437_usb.h:670:9)' with 1 bit to alignment boundary [-Wpadded]
        struct {
        ^
../Library/at32f435_437_usb.c(294): warning: implicit conversion changes signedness: 'int' to 'unsigned int' [-Wsign-conversion]
        usbx->gnptxfsiz_ept0tx = offset | (size << 16);
                                        ~  ~~~~~^~~~~
../Library/at32f435_437_usb.c(302): warning: implicit conversion changes signedness: 'int' to 'unsigned int' [-Wsign-conversion]
        usbx->dieptxfn[txfifo - 1] = offset | (size << 16);
                                            ~  ~~~~~^~~~~
../Library/at32f435_437_usb.c(395): warning: cast from 'uint8_t *' (aka 'unsigned char *') to 'uint32_t *' (aka 'unsigned int *') increases required alignment from 1 to 4 [-Wcast-align]
    uint32_t *pbuf = (uint32_t *)pusr_buf;
                     ^~~~~~~~~~~~~~~~~~~~
../Library/at32f435_437_usb.c(417): warning: cast from 'uint8_t *' (aka 'unsigned char *') to 'uint32_t *' (aka 'unsigned int *') increases required alignment from 1 to 4 [-Wcast-align]
    uint32_t *pbuf = (uint32_t *)pusr_buf;
                     ^~~~~~~~~~~~~~~~~~~~
../Library/at32f435_437_usb.c(414): warning: unused parameter 'num' [-Wunused-parameter]
void usb_read_packet(otg_global_type *usbx, uint8_t *pusr_buf, uint16_t num, uint16_t nbytes) {
                                                                        ^
../Library/at32f435_437_usb.c(473): warning: implicit conversion changes signedness: 'int' to 'unsigned int' [-Wsign-conversion]
        OTG_DEVICE(usbx)->daintmsk |= (1 << ept_info->eptn) << 16;
                                   ~~ ~~~~~~~~~~~~~~~~~~~~~~^~~~~
../Library/at32f435_437_usb.c(25): warning: In file included from...../User\at32f435_437_conf.h(175): warning: In file included from...../Library\at32f435_437_usb.h(422): warning: padding struct 'usb_ept_info' with 2 bytes to align 'status' [-Wpadded]
    uint32_t                               status;
                                           ^
../Library/at32f435_437_usb.c(501): warning: implicit conversion changes signedness: 'int' to 'unsigned int' [-Wsign-conversion]
        OTG_DEVICE(usbx)->daintmsk &= ~((1 << ept_info->eptn) << 16);
                                   ~~ ^~~~~~~~~~~~~~~~~~~~~~~~~~~~~~
9 warnings generated.
compiling at32f435_437_usb.c...
compiling at32f435_437_wwdt.c...
compiling main.c...
../Library/at32f435_437_xmc.c(25): warning: In file included from...../User\at32f435_437_conf.h(151): warning: In file included from...../Library\at32f435_437_xmc.h(360): warning: padding struct 'xmc_norsram_timing_init_type' with 1 byte to align 'write_timing_enable' [-Wpadded]
    xmc_extended_mode_type                 write_timing_enable; /*!< xmc nor/sram write timing enable */
                                           ^
../Library\at32f435_437_xmc.h(395): warning: padding struct 'xmc_nand_pccard_timinginit_type' with 3 bytes to align 'mem_setup_time' [-Wpadded]
    uint32_t                               mem_setup_time; /*!< xmc nand/pccard memory setup time */
                                           ^
../Library\at32f435_437_xmc.h(463): warning: padding struct 'xmc_sdram_cmd_type' with 2 bytes to align 'auto_refresh' [-Wpadded]
    uint32_t                               auto_refresh; /*!< auto refresh times */
                                           ^
../Library\at32f435_437_xmc.h(421): warning: padding struct 'xmc_pccard_init_type' with 3 bytes to align 'delay_time_cr' [-Wpadded]
    uint32_t                               delay_time_cr; /*!< xmc pccard cle to re delay */
                                           ^
4 warnings generated.
compiling at32f435_437_xmc.c...
compiling at32f435_437_clock.c...
../User/at32f435_437_int.c(49): warning: function 'HardFault_Handler' could be declared with attribute 'noreturn' [-Wmissing-noreturn]
void HardFault_Handler(void) {
                             ^
../User/at32f435_437_int.c(60): warning: function 'MemManage_Handler' could be declared with attribute 'noreturn' [-Wmissing-noreturn]
void MemManage_Handler(void) {
                             ^
../User/at32f435_437_int.c(71): warning: function 'BusFault_Handler' could be declared with attribute 'noreturn' [-Wmissing-noreturn]
void BusFault_Handler(void) {
                            ^
../User/at32f435_437_int.c(82): warning: function 'UsageFault_Handler' could be declared with attribute 'noreturn' [-Wmissing-noreturn]
void UsageFault_Handler(void) {
                              ^
4 warnings generated.
compiling at32f435_437_int.c...
compiling delay.c...
linking...
Program Size: Code=644 RO-data=540 RW-data=0 ZI-data=1632  
"..\Objects\Template.axf" - 0 Error(s), 104 Warning(s).
Build Time Elapsed:  00:00:04
